<?xml version="1.0" encoding="UTF-8"?>
<!-- Generated by org.testng.reporters.JUnitXMLReporter -->
<testsuite ignored="0" hostname="My_Dell" failures="0" tests="9" name="Regression Testing" time="83.205" errors="0" timestamp="2024-01-03T11:59:18 EST">
  <testcase classname="testLayer.TC1_Login_001" name="Login" time="2.543"/>
  <testcase classname="testLayer.TC1_LoginDDT_002" name="Login" time="3.941"/>
  <testcase classname="testLayer.TC1_LoginDDT_002" name="Login" time="3.446"/>
  <testcase classname="testLayer.TC1_LoginDDT_002" name="Login" time="3.493"/>
  <testcase classname="testLayer.TC1_LoginDDT_002" name="Login" time="3.838"/>
  <testcase classname="testLayer.TC2_AddCustomerPage_003" name="AddCustomer" time="14.802"/>
  <testcase classname="testLayer.TC3_EditCustomer_004" name="EditCustomer" time="6.184"/>
  <testcase classname="testLayer.TC4_DeleteCustomer_005" name="deletecustomer" time="1.395"/>
  <testcase classname="testLayer.TC5_NewAccount_006" name="createnewaccount" time="1.688"/>
</testsuite> <!-- Regression Testing -->
